04:28:49 - Alemi891 - 1470250684 - /помощь
04:28:55 - Alemi891 - 1470250684 - /помощь
04:29:34 - Alemi891 - 1470250684 - /помощь
04:29:58 - Alemi891 - 1470250684 - /помощь
04:55:09 - Bantev_Pavel - 717503215 - /полмощь
04:55:14 - Bantev_Pavel - 717503215 - /помощь
04:55:30 - Olga_Chekalenko - 5535952972 - start
04:55:35 - Olga_Chekalenko - 5535952972 - к обзору!
04:55:37 - Olga_Chekalenko - 5535952972 - понятно, далее
04:55:39 - Olga_Chekalenko - 5535952972 - классно, далее
04:55:40 - Olga_Chekalenko - 5535952972 - понял, буду отправлять первичку вовремя
04:55:41 - Olga_Chekalenko - 5535952972 - понял, далее
04:55:42 - Olga_Chekalenko - 5535952972 - понятно
04:55:44 - Olga_Chekalenko - 5535952972 - ага, хорошо
04:55:45 - Olga_Chekalenko - 5535952972 - к работе!
04:55:53 - Olga_Chekalenko - 5535952972 - название
04:55:57 - Olga_Chekalenko - 5535952972 - 11.11.11.
04:56:00 - Olga_Chekalenko - 5535952972 - 08796696779
04:56:02 - Olga_Chekalenko - 5535952972 - 1111111111
04:56:04 - Olga_Chekalenko - 5535952972 - 22222222222
04:56:05 - Olga_Chekalenko - 5535952972 - 33333333333
04:56:07 - Olga_Chekalenko - 5535952972 - 4444444444444
04:56:08 - Olga_Chekalenko - 5535952972 - 555555555555
04:56:10 - Olga_Chekalenko - 5535952972 - 66666666666666
04:56:11 - Olga_Chekalenko - 5535952972 - 7777777777777
04:56:13 - Olga_Chekalenko - 5535952972 - 888888888888888
04:56:15 - Olga_Chekalenko - 5535952972 - 9999999999999999
04:56:19 - Olga_Chekalenko - 5535952972 - 1111111111111222222222
04:56:22 - Olga_Chekalenko - 5535952972 - 2323232323232323
04:56:32 - Olga_Chekalenko - 5535952972 - я хочу автоматизировать процесс
04:56:55 - Bantev_Pavel - -942970894 - take=5535952972
04:57:07 - Alemi891 - 1470250684 - /помощь
04:57:13 - Bantev_Pavel - 717503215 - доверенность
04:57:36 - Olga_Chekalenko - 5535952972 - /помощь
04:57:49 - Olga_Chekalenko - 5535952972 - /1с
04:57:53 - Olga_Chekalenko - 5535952972 - договор гпх
/home/accbot/accountant/files\5535952972\Договор с бухгалтером.docx
04:59:18 - Bantev_Pavel - 717503215 - /помощь
04:59:25 - Bantev_Pavel - 717503215 - /ооо
04:59:27 - Bantev_Pavel - 717503215 - 2orgs_list=5535952972
04:59:30 - Bantev_Pavel - 717503215 - assistand_org_inf=doc
04:59:36 - Bantev_Pavel - 717503215 - worker_list3=21V7ca8ykhrtYAfp5SDwr_KB2MJ-ZQsqwD
04:59:54 - Olga_Chekalenko - 5535952972 - /помощь
05:00:13 - Olga_Chekalenko - 5535952972 - /1с_выгрузка
05:00:25 - Bantev_Pavel - -942970894 - take=5535952972
05:00:41 - Olga_Chekalenko - 5535952972 - /сотрудники
05:00:45 - Olga_Chekalenko - 5535952972 - нанять нового сотрудника
05:00:48 - Olga_Chekalenko - 5535952972 - фио
05:00:55 - Olga_Chekalenko - 5535952972 - ллдр
05:00:56 - Olga_Chekalenko - 5535952972 - првпив
05:00:57 - Olga_Chekalenko - 5535952972 - ыпыавмыва
05:00:58 - Olga_Chekalenko - 5535952972 - ыапыапыап
05:00:59 - Olga_Chekalenko - 5535952972 - впвпыпув
05:01:01 - Olga_Chekalenko - 5535952972 - выпвпвп
05:01:02 - Olga_Chekalenko - 5535952972 - впвыпвырврп
05:01:04 - Olga_Chekalenko - 5535952972 - вырвпрвпрврп
05:01:05 - Olga_Chekalenko - 5535952972 - врпывырпвыр
05:01:07 - Olga_Chekalenko - 5535952972 - врпвыпрвырп
05:01:08 - Olga_Chekalenko - 5535952972 - вырпыврвр
05:01:09 - Olga_Chekalenko - 5535952972 - ывпрвырр
05:01:10 - Olga_Chekalenko - 5535952972 - вурпварпвыр
05:01:12 - Olga_Chekalenko - 5535952972 - вырпврпвры
05:01:14 - Olga_Chekalenko - 5535952972 - вврпвырпврп
05:01:15 - Olga_Chekalenko - 5535952972 - ыврвырвр
05:01:51 - Bantev_Pavel - -942970894 - take=5535952972
05:02:21 - Olga_Chekalenko - 5535952972 - /помощь
05:02:28 - Olga_Chekalenko - 5535952972 - /сотрудники
05:02:33 - Alemi891 - 1470250684 - /помощь
05:02:34 - Olga_Chekalenko - 5535952972 - изменить условия для сотрудника
05:02:40 - Olga_Chekalenko - 5535952972 - worker_list1=20
05:02:46 - Olga_Chekalenko - 5535952972 - изменить оклад
05:02:50 - Olga_Chekalenko - 5535952972 - 20000
05:03:07 - Bantev_Pavel - 717503215 - /помощь
05:03:12 - Bantev_Pavel - 717503215 - /сотрудники_б
05:03:21 - Bantev_Pavel - 717503215 - посмотреть данные сoтрудника
05:03:24 - Bantev_Pavel - 717503215 - 3orgs_list=5535952972
05:03:28 - Bantev_Pavel - 717503215 - worker_list4=20
05:03:33 - Bantev_Pavel - 717503215 - /помощь
05:03:38 - Bantev_Pavel - 717503215 - /сотрудники_б
05:03:41 - Bantev_Pavel - 717503215 - уволить сoтрудника
05:03:45 - Bantev_Pavel - 717503215 - 5orgs_list=5535952972
05:03:46 - Bantev_Pavel - 717503215 - worker_list5=20
05:03:52 - Bantev_Pavel - 717503215 - /сотрудники_б
05:03:53 - Bantev_Pavel - 717503215 - посмотреть данные сoтрудника
05:03:55 - Bantev_Pavel - 717503215 - 3orgs_list=5535952972
05:04:09 - Olga_Chekalenko - 5535952972 - /помощь
05:04:15 - Olga_Chekalenko - 5535952972 - /фси
05:04:17 - Olga_Chekalenko - 5535952972 - у меня есть вопрос по работе с фондом.
05:04:19 - Olga_Chekalenko - 5535952972 - письменную
05:04:36 - Olga_Chekalenko - 5535952972 - /помощь
05:04:50 - Olga_Chekalenko - 5535952972 - /помощь
05:04:55 - Olga_Chekalenko - 5535952972 - /моя компания
05:05:02 - Olga_Chekalenko - 5535952972 - реквизиты счёта
05:05:06 - Olga_Chekalenko - 5535952972 - данные о компании
05:05:09 - Olga_Chekalenko - 5535952972 - отчёты в налоговые органы
05:05:34 - Bantev_Pavel - 717503215 - посмотреть данные сoтрудника
05:05:40 - Bantev_Pavel - 717503215 - /помощь
05:05:45 - Alemi891 - 1470250684 - /помощь
05:05:49 - Bantev_Pavel - 717503215 - /отчёты
05:05:51 - Bantev_Pavel - 717503215 - 7orgs_list=5535952972
05:06:13 - Bantev_Pavel - 717503215 - nalogi_list6=FNS
05:06:50 - Olga_Chekalenko - 5535952972 - отчёты в налоговые органы
05:06:59 - Olga_Chekalenko - 5535952972 - документооборот
05:07:04 - Olga_Chekalenko - 5535952972 - worker_list3=21V7ca8ykhrtYAfp5SDwr_KB2MJ-ZQsqwD
05:07:08 - Olga_Chekalenko - 5535952972 - /помощь
05:07:15 - Olga_Chekalenko - 5535952972 - /вопросы
05:07:21 - Olga_Chekalenko - 5535952972 - нужна ли печать для ооо?
05:07:23 - Olga_Chekalenko - 5535952972 - вернуться к вопросам
05:07:25 - Olga_Chekalenko - 5535952972 - как подобрать устав?
05:07:46 - Bantev_Pavel - 717503215 - /помощь
05:07:50 - Bantev_Pavel - 717503215 - /чат
05:07:52 - Bantev_Pavel - 717503215 - orgs_list=5535952972
05:20:00 - Alemi891 - 1470250684 - /помощь
05:38:15 - Alemi891 - 1470250684 - /помощь
05:55:51 - Bantev_Pavel - 717503215 - сообщение
05:56:43 - Alemi891 - 1470250684 - /помощь
06:39:40 - Alemi891 - 1470250684 - /помощь
06:45:47 - Consultant_Ekaterina - 1456388489 - start
06:45:50 - Consultant_Ekaterina - 1456388489 - к работе!
06:45:54 - Consultant_Ekaterina - 1456388489 - рвапр
06:45:55 - Consultant_Ekaterina - 1456388489 - ыфпвп
06:45:56 - Consultant_Ekaterina - 1456388489 - впвпр
06:45:57 - Consultant_Ekaterina - 1456388489 - впвып
06:45:58 - Consultant_Ekaterina - 1456388489 - выпвыпрвы
06:45:59 - Consultant_Ekaterina - 1456388489 - вырпвырпве
06:46:00 - Consultant_Ekaterina - 1456388489 - выпрвыпвыпр
06:46:01 - Consultant_Ekaterina - 1456388489 - выпрвыпверп
06:46:02 - Consultant_Ekaterina - 1456388489 - вырпвыарпвыаер
06:46:04 - Consultant_Ekaterina - 1456388489 - вырпвырпвыенр
06:46:05 - Consultant_Ekaterina - 1456388489 - вырваыркыерн
06:46:06 - Consultant_Ekaterina - 1456388489 - урнукнекн
06:46:07 - Consultant_Ekaterina - 1456388489 - уенекнкен
06:46:09 - Consultant_Ekaterina - 1456388489 - унуенкун
06:46:15 - Consultant_Ekaterina - 1456388489 - я хочу автоматизировать процесс
06:46:26 - Bantev_Pavel - -942970894 - take=1456388489
06:46:56 - Consultant_Ekaterina - 1456388489 - /помощь
06:47:03 - Consultant_Ekaterina - 1456388489 - /1с
06:47:07 - Consultant_Ekaterina - 1456388489 - договор нпд
/home/accbot/accountant/files\1456388489\Отчет_о_выполнении_Работ_Промежуточный_3_16.docx
06:47:40 - Bantev_Pavel - -942970894 - /помощь
06:47:47 - Bantev_Pavel - 717503215 - /помощь
06:47:52 - Bantev_Pavel - 717503215 - /ооо
06:47:54 - Bantev_Pavel - 717503215 - 2orgs_list=1456388489
06:47:56 - Bantev_Pavel - 717503215 - assistand_org_inf=doc
06:47:58 - Bantev_Pavel - 717503215 - worker_list3=21PXu-nW35ZDOByMPrKaGiDNH-T0l82NZf
06:48:04 - Bantev_Pavel - 717503215 - /помощь
06:48:11 - Consultant_Ekaterina - 1456388489 - /помощь
06:48:16 - Consultant_Ekaterina - 1456388489 - /ооо
06:48:23 - Consultant_Ekaterina - 1456388489 - /сотрудники
06:48:25 - Consultant_Ekaterina - 1456388489 - нанять нового сотрудника
06:48:27 - Consultant_Ekaterina - 1456388489 - 1111111
06:48:28 - Consultant_Ekaterina - 1456388489 - 222222222
06:48:29 - Consultant_Ekaterina - 1456388489 - 3
06:48:29 - Consultant_Ekaterina - 1456388489 - 4
06:48:30 - Consultant_Ekaterina - 1456388489 - 5
06:48:30 - Consultant_Ekaterina - 1456388489 - 6
06:48:30 - Consultant_Ekaterina - 1456388489 - 7
06:48:31 - Consultant_Ekaterina - 1456388489 - 8
06:48:31 - Consultant_Ekaterina - 1456388489 - 9
06:48:32 - Consultant_Ekaterina - 1456388489 - 2
06:48:33 - Consultant_Ekaterina - 1456388489 - 4
06:48:34 - Consultant_Ekaterina - 1456388489 - 5
06:48:35 - Consultant_Ekaterina - 1456388489 - 6
06:48:35 - Consultant_Ekaterina - 1456388489 - 7
06:48:36 - Consultant_Ekaterina - 1456388489 - 8
06:48:37 - Consultant_Ekaterina - 1456388489 - 3
06:48:38 - Consultant_Ekaterina - 1456388489 - 5
06:48:48 - Bantev_Pavel - -942970894 - take=1456388489
06:49:14 - Consultant_Ekaterina - 1456388489 - /помощь
06:49:19 - Consultant_Ekaterina - 1456388489 - /моя компания
06:49:23 - Consultant_Ekaterina - 1456388489 - реквизиты счёта
06:49:25 - Consultant_Ekaterina - 1456388489 - данные сотрудников
06:49:26 - Consultant_Ekaterina - 1456388489 - worker_list2=21
Traceback (most recent call last):
  File /home/accbot/accountant/main.py, line 925, in callback_inline
    bot.edit_message_text(chat_id=chat_id, message_id=call.message.message_id, text = answ.worker(worker), reply_markup=markup)
  File /home/accbot/accountant/venvBot/lib/python3.10/site-packages/telebot/__init__.py, line 3826, in edit_message_text
    result = apihelper.edit_message_text(self.token, text, chat_id, message_id, inline_message_id, parse_mode,
  File /home/accbot/accountant/venvBot/lib/python3.10/site-packages/telebot/apihelper.py, line 1320, in edit_message_text
    return _make_request(token, method_url, params=payload, method=post)
  File /home/accbot/accountant/venvBot/lib/python3.10/site-packages/telebot/apihelper.py, line 162, in _make_request
    json_result = _check_result(method_name, result)
  File /home/accbot/accountant/venvBot/lib/python3.10/site-packages/telebot/apihelper.py, line 189, in _check_result
    raise ApiTelegramException(method_name, result, result_json)
telebot.apihelper.ApiTelegramException: A request to the Telegram API was unsuccessful. Error code: 400. Description: Bad Request: inline keyboard expected

08:40:05 - Alemi891 - 1470250684 - /помощь
09:15:09 - Alemi891 - 1470250684 - /помощь
10:07:02 - grrichanov - 582576913 - start
10:12:13 - grrichanov - 582576913 - /99upkm8acsmrx1j7zoh352c5s2twnwax
10:18:31 - grrichanov - 582576913 - start
10:18:34 - grrichanov - 582576913 - start
10:18:38 - grrichanov - 582576913 - /99upkm8acsmrx1j7zoh352c5s2twnwax
10:18:46 - grrichanov - 582576913 - к обзору!
10:18:50 - grrichanov - 582576913 - к обзору!
10:18:51 - grrichanov - 582576913 - к работе!
10:19:34 - grrichanov - 582576913 - к обзору!
10:20:08 - Bantev_Pavel - 717503215 - /помощь
10:20:10 - Bantev_Pavel - 717503215 - /помощь
10:20:26 - grrichanov - 582576913 - к обзору!
10:20:34 - grrichanov - 582576913 - /99upkm8acsmrx1j7zoh352c5s2twnwax
10:20:37 - grrichanov - 582576913 - к обзору!
10:21:05 - grrichanov - 582576913 - start
10:21:10 - grrichanov - 582576913 - /99upkm8acsmrx1j7zoh352c5s2twnwax
10:22:35 - grrichanov - 582576913 - start
10:22:43 - grrichanov - 582576913 - start
10:22:44 - grrichanov - 582576913 - /99upkm8acsmrx1j7zoh352c5s2twnwax
10:22:49 - grrichanov - 582576913 - к обзору!
10:22:51 - grrichanov - 582576913 - к обзору!
10:22:51 - grrichanov - 582576913 - к обзору!
10:23:26 - grrichanov - 582576913 - start
10:23:30 - grrichanov - 582576913 - к работе!
10:23:33 - grrichanov - 582576913 - к работе!
10:23:35 - grrichanov - 582576913 - start
10:23:42 - grrichanov - 582576913 - к работе!
10:24:52 - grrichanov - 582576913 - к работе!
10:24:53 - grrichanov - 582576913 - к обзору!
10:24:55 - grrichanov - 582576913 - start
10:24:57 - grrichanov - 582576913 - к обзору!
10:24:58 - grrichanov - 582576913 - к работе!
10:26:07 - Consultant_Ekaterina - 1456388489 - start
10:26:09 - Consultant_Ekaterina - 1456388489 - к работе!
10:26:11 - Consultant_Ekaterina - 1456388489 - к обзору!
10:26:14 - Consultant_Ekaterina - 1456388489 - понятно, далее
10:26:15 - Consultant_Ekaterina - 1456388489 - классно, далее
10:26:17 - Consultant_Ekaterina - 1456388489 - понял, буду отправлять первичку вовремя
10:26:18 - Consultant_Ekaterina - 1456388489 - понял, далее
10:26:19 - Consultant_Ekaterina - 1456388489 - понятно
10:26:21 - Consultant_Ekaterina - 1456388489 - ага, хорошо
Traceback (most recent call last):
  File /home/accbot/accountant/main.py, line 122, in work_acc
    bot.send_message(message.chat.id, answ.form1[org[0][19]], reply_markup=markup)
IndexError: list index out of range

10:26:46 - Consultant_Ekaterina - 1456388489 - 34
10:26:48 - Consultant_Ekaterina - 1456388489 - ааыввп
10:26:51 - Consultant_Ekaterina - 1456388489 - отмена
10:26:52 - Consultant_Ekaterina - 1456388489 - отмена
10:26:53 - Consultant_Ekaterina - 1456388489 - отмена
10:26:53 - Consultant_Ekaterina - 1456388489 - отмена
10:27:37 - Alemi891 - 1470250684 - /помощь
10:29:47 - Alemi891 - 1470250684 - start
10:29:49 - Alemi891 - 1470250684 - к обзору!
10:29:50 - Alemi891 - 1470250684 - понятно, далее
10:29:51 - Alemi891 - 1470250684 - классно, далее
10:29:51 - Alemi891 - 1470250684 - понял, буду отправлять первичку вовремя
10:29:52 - Alemi891 - 1470250684 - понял, далее
10:29:53 - Alemi891 - 1470250684 - понятно
10:29:53 - Alemi891 - 1470250684 - ага, хорошо
Traceback (most recent call last):
  File /home/accbot/accountant/main.py, line 122, in work_acc
    bot.send_message(message.chat.id, answ.form1[org[0][19]], reply_markup=markup)
IndexError: list index out of range

10:29:54 - Alemi891 - 1470250684 - отмена
10:30:04 - Alemi891 - 1470250684 - start
10:30:06 - Alemi891 - 1470250684 - к обзору!
10:30:07 - Alemi891 - 1470250684 - понятно, далее
10:30:07 - Alemi891 - 1470250684 - классно, далее
10:30:08 - Alemi891 - 1470250684 - понял, буду отправлять первичку вовремя
10:30:09 - Alemi891 - 1470250684 - понял, далее
10:30:10 - Alemi891 - 1470250684 - понятно
10:30:11 - Alemi891 - 1470250684 - ага, хорошо
2023-07-03 10:31:07,552 (__init__.py:1083 MainThread) ERROR - TeleBot: "Threaded polling exception: A request to the Telegram API was unsuccessful. Error code: 409. Description: Conflict: terminated by other getUpdates request; make sure that only one bot instance is running"
2023-07-03 10:31:07,552 (__init__.py:1085 MainThread) ERROR - TeleBot: "Exception traceback:
Traceback (most recent call last):
  File "/home/accbot/accountant/venvBot/lib/python3.10/site-packages/telebot/__init__.py", line 1073, in __threaded_polling
    polling_thread.raise_exceptions()
  File "/home/accbot/accountant/venvBot/lib/python3.10/site-packages/telebot/util.py", line 108, in raise_exceptions
    raise self.exception_info
  File "/home/accbot/accountant/venvBot/lib/python3.10/site-packages/telebot/util.py", line 90, in run
    task(*args, **kwargs)
  File "/home/accbot/accountant/venvBot/lib/python3.10/site-packages/telebot/__init__.py", line 649, in __retrieve_updates
    updates = self.get_updates(offset=(self.last_update_id + 1),
  File "/home/accbot/accountant/venvBot/lib/python3.10/site-packages/telebot/__init__.py", line 623, in get_updates
    json_updates = apihelper.get_updates(self.token, offset, limit, timeout, allowed_updates, long_polling_timeout)
  File "/home/accbot/accountant/venvBot/lib/python3.10/site-packages/telebot/apihelper.py", line 321, in get_updates
    return _make_request(token, method_url, params=payload)
  File "/home/accbot/accountant/venvBot/lib/python3.10/site-packages/telebot/apihelper.py", line 162, in _make_request
    json_result = _check_result(method_name, result)
  File "/home/accbot/accountant/venvBot/lib/python3.10/site-packages/telebot/apihelper.py", line 189, in _check_result
    raise ApiTelegramException(method_name, result, result_json)
telebot.apihelper.ApiTelegramException: A request to the Telegram API was unsuccessful. Error code: 409. Description: Conflict: terminated by other getUpdates request; make sure that only one bot instance is running
"
2023-07-03 10:31:11,215 (__init__.py:1083 MainThread) ERROR - TeleBot: "Threaded polling exception: A request to the Telegram API was unsuccessful. Error code: 409. Description: Conflict: terminated by other getUpdates request; make sure that only one bot instance is running"
2023-07-03 10:31:11,216 (__init__.py:1085 MainThread) ERROR - TeleBot: "Exception traceback:
Traceback (most recent call last):
  File "/home/accbot/accountant/venvBot/lib/python3.10/site-packages/telebot/__init__.py", line 1073, in __threaded_polling
    polling_thread.raise_exceptions()
  File "/home/accbot/accountant/venvBot/lib/python3.10/site-packages/telebot/util.py", line 108, in raise_exceptions
    raise self.exception_info
  File "/home/accbot/accountant/venvBot/lib/python3.10/site-packages/telebot/util.py", line 90, in run
    task(*args, **kwargs)
  File "/home/accbot/accountant/venvBot/lib/python3.10/site-packages/telebot/__init__.py", line 649, in __retrieve_updates
    updates = self.get_updates(offset=(self.last_update_id + 1),
  File "/home/accbot/accountant/venvBot/lib/python3.10/site-packages/telebot/__init__.py", line 623, in get_updates
    json_updates = apihelper.get_updates(self.token, offset, limit, timeout, allowed_updates, long_polling_timeout)
  File "/home/accbot/accountant/venvBot/lib/python3.10/site-packages/telebot/apihelper.py", line 321, in get_updates
    return _make_request(token, method_url, params=payload)
  File "/home/accbot/accountant/venvBot/lib/python3.10/site-packages/telebot/apihelper.py", line 162, in _make_request
    json_result = _check_result(method_name, result)
  File "/home/accbot/accountant/venvBot/lib/python3.10/site-packages/telebot/apihelper.py", line 189, in _check_result
    raise ApiTelegramException(method_name, result, result_json)
telebot.apihelper.ApiTelegramException: A request to the Telegram API was unsuccessful. Error code: 409. Description: Conflict: terminated by other getUpdates request; make sure that only one bot instance is running
"
2023-07-03 10:31:15,380 (__init__.py:1083 MainThread) ERROR - TeleBot: "Threaded polling exception: A request to the Telegram API was unsuccessful. Error code: 409. Description: Conflict: terminated by other getUpdates request; make sure that only one bot instance is running"
2023-07-03 10:31:15,381 (__init__.py:1085 MainThread) ERROR - TeleBot: "Exception traceback:
Traceback (most recent call last):
  File "/home/accbot/accountant/venvBot/lib/python3.10/site-packages/telebot/__init__.py", line 1073, in __threaded_polling
    polling_thread.raise_exceptions()
  File "/home/accbot/accountant/venvBot/lib/python3.10/site-packages/telebot/util.py", line 108, in raise_exceptions
    raise self.exception_info
  File "/home/accbot/accountant/venvBot/lib/python3.10/site-packages/telebot/util.py", line 90, in run
    task(*args, **kwargs)
  File "/home/accbot/accountant/venvBot/lib/python3.10/site-packages/telebot/__init__.py", line 649, in __retrieve_updates
    updates = self.get_updates(offset=(self.last_update_id + 1),
  File "/home/accbot/accountant/venvBot/lib/python3.10/site-packages/telebot/__init__.py", line 623, in get_updates
    json_updates = apihelper.get_updates(self.token, offset, limit, timeout, allowed_updates, long_polling_timeout)
  File "/home/accbot/accountant/venvBot/lib/python3.10/site-packages/telebot/apihelper.py", line 321, in get_updates
    return _make_request(token, method_url, params=payload)
  File "/home/accbot/accountant/venvBot/lib/python3.10/site-packages/telebot/apihelper.py", line 162, in _make_request
    json_result = _check_result(method_name, result)
  File "/home/accbot/accountant/venvBot/lib/python3.10/site-packages/telebot/apihelper.py", line 189, in _check_result
    raise ApiTelegramException(method_name, result, result_json)
telebot.apihelper.ApiTelegramException: A request to the Telegram API was unsuccessful. Error code: 409. Description: Conflict: terminated by other getUpdates request; make sure that only one bot instance is running
"
